<?xml version="1.0" encoding="UTF-8"?>
<!-- Generated by org.testng.reporters.JUnitReportReporter -->
<testsuite skipped="0" hostname="DESKTOP-7494VHC" name="com.qa.opencart.tests.HomePageTest" tests="5" failures="0" timestamp="2024-02-27T15:47:18 IST" time="1.771" errors="0">
  <testcase name="homePageTitleTest" time="0.057" classname="com.qa.opencart.tests.HomePageTest"/>
  <system-out/>
  <testcase name="searchTest" time="0.341" classname="com.qa.opencart.tests.HomePageTest"/>
  <system-out/>
  <testcase name="homePageURLTest" time="0.002" classname="com.qa.opencart.tests.HomePageTest"/>
  <system-out/>
  <testcase name="searchTest" time="0.381" classname="com.qa.opencart.tests.HomePageTest"/>
  <system-out/>
  <testcase name="searchTest" time="0.990" classname="com.qa.opencart.tests.HomePageTest"/>
  <system-out/>
</testsuite> <!-- com.qa.opencart.tests.HomePageTest -->
